<?xml version="1.0" encoding="UTF-8"?>
<!-- Generated by org.testng.reporters.JUnitReportReporter -->
<testsuite hostname="NDI-LAP-609" name="TestCases.CreateAppPageTest" tests="1" failures="0" timestamp="4 Sep 2019 16:26:02 GMT" time="63.245" errors="0">
  <testcase name="verifyCreateApp" time="63.245" classname="TestCases.CreateAppPageTest"/>
</testsuite> <!-- TestCases.CreateAppPageTest -->
