<?xml version="1.0" encoding="UTF-8"?>
<!-- Generated by org.testng.reporters.JUnitReportReporter -->
<testsuite hostname="NDI-LAP-609" name="TestCases.AppsPageTest" tests="1" failures="0" timestamp="7 Jul 2019 07:39:43 GMT" time="25.808" errors="0">
  <testcase name="VerifyAppBuilderPage" time="25.808" classname="TestCases.AppsPageTest"/>
</testsuite> <!-- TestCases.AppsPageTest -->
