<?xml version="1.0" encoding="UTF-8"?>
<!-- Generated by org.testng.reporters.JUnitReportReporter -->
<testsuite hostname="NDI-LAP-609" name="TestCases.AppBuilderPageTest" tests="1" failures="0" timestamp="7 Jul 2019 07:42:08 GMT" time="24.696" errors="0">
  <testcase name="VerifyStartbutton" time="24.696" classname="TestCases.AppBuilderPageTest"/>
</testsuite> <!-- TestCases.AppBuilderPageTest -->
