<?xml version="1.0" encoding="UTF-8"?>
<!-- Generated by org.testng.reporters.JUnitReportReporter -->
<testsuite hostname="NDI-LAP-609" name="TestCases.CreateAppPageTest" tests="1" failures="0" timestamp="20 Aug 2019 06:33:51 GMT" time="51.012" errors="0">
  <testcase name="verifyCreateApp" time="51.012" classname="TestCases.CreateAppPageTest"/>
</testsuite> <!-- TestCases.CreateAppPageTest -->
