<?xml version="1.0" encoding="UTF-8"?>
<!-- Generated by org.testng.reporters.JUnitReportReporter -->
<testsuite hostname="NDI-LAP-609" name="TestCases.DashboardPageTest" tests="1" failures="0" timestamp="13 Jul 2019 08:20:27 GMT" time="22.199" errors="0">
  <testcase name="VerifyAppsPage" time="22.199" classname="TestCases.DashboardPageTest"/>
</testsuite> <!-- TestCases.DashboardPageTest -->
