<?xml version="1.0" encoding="UTF-8"?>
<!-- Generated by org.testng.reporters.JUnitReportReporter -->
<testsuite hostname="NDI-LAP-609" name="TestCases.LoginPageTest" tests="2" failures="0" timestamp="20 Aug 2019 06:30:54 GMT" time="25.509" errors="0">
  <testcase name="login" time="15.038" classname="TestCases.LoginPageTest"/>
  <testcase name="login" time="10.471" classname="TestCases.LoginPageTest"/>
</testsuite> <!-- TestCases.LoginPageTest -->
